[30Dec2024 16:07:26.249] [main/INFO] [cpw.mods.modlauncher.Launcher/MODLAUNCHER]: ModLauncher running: args [--launchTarget, forgeclientuserdev, --version, 20.6.117, --assetIndex, asset-index, --assetsDir, C:\Users\Geral\.mcreator\gradle\caches\minecraft\assets\1.20.6, --gameDir, ., --fml.neoForgeVersion, 20.6.117, --fml.fmlVersion, 3.0.45, --fml.mcVersion, 1.20.6, --fml.neoFormVersion, 20240429.153634]
[30Dec2024 16:07:26.254] [main/INFO] [cpw.mods.modlauncher.Launcher/MODLAUNCHER]: JVM identified as Eclipse Adoptium OpenJDK 64-Bit Server VM 21.0.3+9-LTS
[30Dec2024 16:07:26.257] [main/INFO] [cpw.mods.modlauncher.Launcher/MODLAUNCHER]: ModLauncher 11.0.2+main.4612c65f starting: java version 21.0.3 by Eclipse Adoptium; OS Windows 11 arch amd64 version 10.0
[30Dec2024 16:07:26.433] [main/INFO] [net.neoforged.fml.loading.ImmediateWindowHandler/]: Loading ImmediateWindowProvider fmlearlywindow
[30Dec2024 16:07:26.516] [main/INFO] [EARLYDISPLAY/]: Trying GL version 4.6
[30Dec2024 16:07:26.647] [main/INFO] [EARLYDISPLAY/]: Requested GL version 4.6 got version 4.6
[30Dec2024 16:07:26.718] [main/INFO] [mixin/]: SpongePowered MIXIN Subsystem Version=0.8.5 Source=union:/C:/Users/Geral/.mcreator/gradle/caches/modules-2/files-2.1/net.fabricmc/sponge-mixin/0.13.4+mixin.0.8.5/8adf0cff1795a169141b9e16ad7b9f6e2527a990/sponge-mixin-0.13.4+mixin.0.8.5.jar%23136!/ Service=ModLauncher Env=CLIENT
[30Dec2024 16:07:26.899] [pool-2-thread-1/INFO] [EARLYDISPLAY/]: GL info: NVIDIA GeForce RTX 4070/PCIe/SSE2 GL version 4.6.0 NVIDIA 561.09, NVIDIA Corporation
[30Dec2024 16:07:26.984] [main/INFO] [net.neoforged.fml.loading.moddiscovery.ModDiscoverer/SCAN]: Found mod file "neoforge-20.6.117.jar" [locator: neoforge devenv provider ([C:\Users\Geral\OneDrive\Doubleedge\.gradle\repositories\ng_dummy_ng\net\neoforged\neoforge\20.6.117\neoforge-20.6.117.jar])]
[30Dec2024 16:07:26.995] [main/INFO] [net.neoforged.fml.loading.moddiscovery.ModDiscoverer/SCAN]: Found mod file "neoforge-20.6.117.jar" [locator: neoforge devenv provider ([C:\Users\Geral\OneDrive\Doubleedge\.gradle\repositories\ng_dummy_ng\net\neoforged\neoforge\20.6.117\neoforge-20.6.117.jar])]
[30Dec2024 16:07:27.003] [main/INFO] [net.neoforged.fml.loading.moddiscovery.ModDiscoverer/SCAN]: Found mod file "main" [locator: userdev mods and services, reader: mod manifest]
[30Dec2024 16:07:27.013] [main/INFO] [net.neoforged.fml.loading.moddiscovery.ModDiscoverer/SCAN]: Found mod file "neoforge-20.6.117.jar" [locator: userdev mods and services, reader: mod manifest]
[30Dec2024 16:07:27.040] [main/INFO] [net.neoforged.fml.loading.moddiscovery.ModDiscoverer/SCAN]: Found gamelibrary file "mixinextras-neoforge-0.3.5.jar" [locator: userdev mods and services, reader: mod manifest]
[30Dec2024 16:07:27.238] [main/WARN] [net.neoforged.jarjar.selection.JarSelector/]: Attempted to select a dependency jar for JarJar which was passed in as source: mixinextras-neoforge-0.3.5.jar. Using Mod File: C:\Users\Geral\.mcreator\gradle\caches\modules-2\files-2.1\io.github.llamalad7\mixinextras-neoforge\0.3.5\ef3ffcf309dae656517b2f120189b1c9b21737dd\mixinextras-neoforge-0.3.5.jar
[30Dec2024 16:07:27.239] [main/INFO] [net.neoforged.fml.loading.moddiscovery.locators.JarInJarDependencyLocator/]: No dependencies to load found. Skipping!
[30Dec2024 16:07:27.412] [main/INFO] [net.neoforged.fml.loading.FMLServiceProvider/CORE]: Loading coremod script-engine for [neoforge]
[30Dec2024 16:07:28.375] [main/INFO] [cpw.mods.modlauncher.LaunchServiceHandler/MODLAUNCHER]: Launching target 'forgeclientuserdev' with arguments [--version, 20.6.117, --gameDir, ., --assetsDir, C:\Users\Geral\.mcreator\gradle\caches\minecraft\assets\1.20.6, --assetIndex, asset-index]
[30Dec2024 16:07:33.102] [Datafixer Bootstrap/INFO] [com.mojang.datafixers.DataFixerBuilder/]: 225 Datafixer optimizations took 301 milliseconds
[30Dec2024 16:07:35.171] [main/WARN] [net.minecraft.commands.Commands/]: Ambiguity between arguments [teleport, location] and [teleport, destination] with inputs: [0.1 -0.5 .9, 0 0 0]
[30Dec2024 16:07:35.172] [main/WARN] [net.minecraft.commands.Commands/]: Ambiguity between arguments [teleport, location] and [teleport, targets] with inputs: [0.1 -0.5 .9, 0 0 0]
[30Dec2024 16:07:35.175] [main/WARN] [net.minecraft.commands.Commands/]: Ambiguity between arguments [teleport, destination] and [teleport, targets] with inputs: [Player, 0123, @e, dd12be42-52a9-4a91-a8a1-11c01849e498]
[30Dec2024 16:07:35.176] [main/WARN] [net.minecraft.commands.Commands/]: Ambiguity between arguments [teleport, targets] and [teleport, destination] with inputs: [Player, 0123, dd12be42-52a9-4a91-a8a1-11c01849e498]
[30Dec2024 16:07:35.177] [main/WARN] [net.minecraft.commands.Commands/]: Ambiguity between arguments [teleport, targets, location] and [teleport, targets, destination] with inputs: [0.1 -0.5 .9, 0 0 0]
[30Dec2024 16:07:35.295] [Render thread/WARN] [net.minecraft.server.packs.VanillaPackResourcesBuilder/]: Assets URL 'union:/C:/Users/Geral/OneDrive/Doubleedge/.gradle/repositories/ng_dummy_ng/net/neoforged/neoforge/20.6.117/neoforge-20.6.117.jar%23192!/assets/.mcassetsroot' uses unexpected schema
[30Dec2024 16:07:35.295] [Render thread/WARN] [net.minecraft.server.packs.VanillaPackResourcesBuilder/]: Assets URL 'union:/C:/Users/Geral/OneDrive/Doubleedge/.gradle/repositories/ng_dummy_ng/net/neoforged/neoforge/20.6.117/neoforge-20.6.117.jar%23192!/data/.mcassetsroot' uses unexpected schema
[30Dec2024 16:07:35.326] [Render thread/INFO] [com.mojang.authlib.yggdrasil.YggdrasilAuthenticationService/]: Environment: Environment[sessionHost=https://sessionserver.mojang.com, servicesHost=https://api.minecraftservices.com, name=PROD]
[30Dec2024 16:07:35.338] [Render thread/INFO] [net.minecraft.client.Minecraft/]: Setting user: Dev
[30Dec2024 16:07:35.472] [Render thread/INFO] [net.minecraft.client.Minecraft/]: Backend library: LWJGL version 3.3.3+5
[30Dec2024 16:07:35.742] [modloading-worker-0/INFO] [net.neoforged.neoforge.common.NeoForgeMod/NEOFORGE-MOD]: NeoForge mod loading, version 20.6.117, for MC 1.20.6
[30Dec2024 16:07:36.278] [Render thread/INFO] [net.neoforged.neoforge.gametest.GameTestHooks/]: Enabled Gametest Namespaces: []
[30Dec2024 16:07:36.376] [Render thread/INFO] [net.minecraft.server.packs.resources.ReloadableResourceManager/]: Reloading ResourceManager: vanilla, mod_resources, mod/neoforge, mod/doubleedge
[30Dec2024 16:07:36.513] [Worker-Main-6/INFO] [net.minecraft.client.gui.font.providers.UnihexProvider/]: Found unifont_all_no_pua-15.1.04.hex, loading
[30Dec2024 16:07:36.557] [Worker-Main-2/INFO] [net.minecraft.client.gui.font.providers.UnihexProvider/]: Found unifont_jp_patch-15.1.04.hex, loading
[30Dec2024 16:07:37.749] [Render thread/WARN] [net.minecraft.client.sounds.SoundEngine/]: Missing sound for event: minecraft:item.goat_horn.play
[30Dec2024 16:07:37.750] [Render thread/WARN] [net.minecraft.client.sounds.SoundEngine/]: Missing sound for event: minecraft:entity.goat.screaming.horn_break
[30Dec2024 16:07:37.793] [Render thread/INFO] [com.mojang.blaze3d.audio.Library/]: OpenAL initialized on device OpenAL Soft on Realtek HD Audio 2nd output (Realtek(R) Audio)
[30Dec2024 16:07:37.795] [Render thread/INFO] [net.minecraft.client.sounds.SoundEngine/SOUNDS]: Sound engine started
[30Dec2024 16:07:37.881] [Render thread/INFO] [net.minecraft.client.renderer.texture.TextureAtlas/]: Created: 1024x512x2 minecraft:textures/atlas/blocks.png-atlas
[30Dec2024 16:07:37.889] [Render thread/INFO] [net.minecraft.client.renderer.texture.TextureAtlas/]: Created: 256x256x2 minecraft:textures/atlas/signs.png-atlas
[30Dec2024 16:07:37.890] [Render thread/INFO] [net.minecraft.client.renderer.texture.TextureAtlas/]: Created: 512x512x2 minecraft:textures/atlas/banner_patterns.png-atlas
[30Dec2024 16:07:37.890] [Render thread/INFO] [net.minecraft.client.renderer.texture.TextureAtlas/]: Created: 512x512x2 minecraft:textures/atlas/shield_patterns.png-atlas
[30Dec2024 16:07:37.890] [Render thread/INFO] [net.minecraft.client.renderer.texture.TextureAtlas/]: Created: 1024x1024x2 minecraft:textures/atlas/armor_trims.png-atlas
[30Dec2024 16:07:37.892] [Render thread/INFO] [net.minecraft.client.renderer.texture.TextureAtlas/]: Created: 256x256x2 minecraft:textures/atlas/chest.png-atlas
[30Dec2024 16:07:37.892] [Render thread/INFO] [net.minecraft.client.renderer.texture.TextureAtlas/]: Created: 128x64x2 minecraft:textures/atlas/decorated_pot.png-atlas
[30Dec2024 16:07:37.892] [Render thread/INFO] [net.minecraft.client.renderer.texture.TextureAtlas/]: Created: 512x256x2 minecraft:textures/atlas/shulker_boxes.png-atlas
[30Dec2024 16:07:37.892] [Render thread/INFO] [net.minecraft.client.renderer.texture.TextureAtlas/]: Created: 512x256x2 minecraft:textures/atlas/beds.png-atlas
[30Dec2024 16:07:38.194] [Render thread/INFO] [net.minecraft.client.renderer.texture.TextureAtlas/]: Created: 512x256x0 minecraft:textures/atlas/particles.png-atlas
[30Dec2024 16:07:38.195] [Render thread/INFO] [net.minecraft.client.renderer.texture.TextureAtlas/]: Created: 256x256x0 minecraft:textures/atlas/paintings.png-atlas
[30Dec2024 16:07:38.196] [Render thread/INFO] [net.minecraft.client.renderer.texture.TextureAtlas/]: Created: 256x128x0 minecraft:textures/atlas/mob_effects.png-atlas
[30Dec2024 16:07:38.196] [Render thread/INFO] [net.minecraft.client.renderer.texture.TextureAtlas/]: Created: 64x64x0 minecraft:textures/atlas/map_decorations.png-atlas
[30Dec2024 16:07:38.196] [Render thread/INFO] [net.minecraft.client.renderer.texture.TextureAtlas/]: Created: 1024x512x0 minecraft:textures/atlas/gui.png-atlas
[30Dec2024 16:07:38.220] [Render thread/WARN] [net.minecraft.client.renderer.ShaderInstance/]: Shader rendertype_entity_translucent_emissive could not find sampler named Sampler2 in the specified shader program.
[30Dec2024 16:07:42.615] [Render thread/INFO] [net.minecraft.world.item.crafting.RecipeManager/]: Loaded 1177 recipes
[30Dec2024 16:07:42.780] [Render thread/INFO] [net.minecraft.advancements.AdvancementTree/]: Loaded 1277 advancements
[30Dec2024 16:07:43.184] [Server thread/INFO] [net.minecraft.client.server.IntegratedServer/]: Starting integrated minecraft server version 1.20.6
[30Dec2024 16:07:43.185] [Server thread/INFO] [net.minecraft.server.MinecraftServer/]: Generating keypair
[30Dec2024 16:07:43.820] [Server thread/INFO] [net.minecraft.server.MinecraftServer/]: Preparing start region for dimension minecraft:overworld
[30Dec2024 16:07:44.442] [progressListener/INFO] [net.minecraft.server.level.progress.LoggerChunkProgressListener/]: Preparing spawn area: 0%
[30Dec2024 16:07:44.442] [progressListener/INFO] [net.minecraft.server.level.progress.LoggerChunkProgressListener/]: Preparing spawn area: 0%
[30Dec2024 16:07:44.841] [progressListener/INFO] [net.minecraft.server.level.progress.LoggerChunkProgressListener/]: Preparing spawn area: 0%
[30Dec2024 16:07:45.302] [Server thread/INFO] [net.neoforged.neoforge.server.permission.PermissionAPI/]: Successfully initialized permission handler neoforge:default_handler
[30Dec2024 16:07:45.313] [progressListener/INFO] [net.minecraft.server.level.progress.LoggerChunkProgressListener/]: Time elapsed: 1484 ms
[30Dec2024 16:07:45.389] [Server thread/INFO] [net.minecraft.client.server.IntegratedServer/]: Changing view distance to 5, from 10
[30Dec2024 16:07:45.389] [Server thread/INFO] [net.minecraft.client.server.IntegratedServer/]: Changing simulation distance to 12, from 0
[30Dec2024 16:07:46.186] [Server thread/INFO] [net.minecraft.server.players.PlayerList/]: Dev[local:E:c18bc307] logged in with entity id 8 at (-882.6969857600922, 111.95217927855566, -690.0833054810123)
[30Dec2024 16:07:46.259] [Server thread/INFO] [net.minecraft.server.MinecraftServer/]: Dev joined the game
[30Dec2024 16:07:47.049] [Render thread/INFO] [net.minecraft.advancements.AdvancementTree/]: Loaded 36 advancements
[30Dec2024 16:10:49.100] [Render thread/INFO] [net.minecraft.client.Minecraft/]: Stopping!
[30Dec2024 16:10:49.108] [Server thread/INFO] [net.minecraft.server.network.ServerGamePacketListenerImpl/]: Dev lost connection: Disconnected
[30Dec2024 16:10:49.108] [Server thread/INFO] [net.minecraft.server.MinecraftServer/]: Dev left the game
[30Dec2024 16:10:49.151] [Server thread/INFO] [net.minecraft.server.network.ServerCommonPacketListenerImpl/]: Stopping singleplayer server as player logged out
[30Dec2024 16:10:49.187] [Server thread/INFO] [net.minecraft.server.MinecraftServer/]: Stopping server
[30Dec2024 16:10:49.188] [Server thread/INFO] [net.minecraft.server.MinecraftServer/]: Saving players
[30Dec2024 16:10:49.188] [Server thread/INFO] [net.minecraft.server.MinecraftServer/]: Saving worlds
[30Dec2024 16:10:50.054] [Server thread/INFO] [net.minecraft.server.MinecraftServer/]: Saving chunks for level 'ServerLevel[New World]'/minecraft:overworld
[30Dec2024 16:10:50.114] [Server thread/INFO] [net.minecraft.server.MinecraftServer/]: Saving chunks for level 'ServerLevel[New World]'/minecraft:the_end
[30Dec2024 16:10:50.125] [Server thread/INFO] [net.minecraft.server.MinecraftServer/]: Saving chunks for level 'ServerLevel[New World]'/minecraft:the_nether
[30Dec2024 16:10:50.143] [Server thread/INFO] [net.minecraft.server.MinecraftServer/]: ThreadedAnvilChunkStorage (New World): All chunks are saved
[30Dec2024 16:10:50.144] [Server thread/INFO] [net.minecraft.server.MinecraftServer/]: ThreadedAnvilChunkStorage (DIM1): All chunks are saved
[30Dec2024 16:10:50.144] [Server thread/INFO] [net.minecraft.server.MinecraftServer/]: ThreadedAnvilChunkStorage (DIM-1): All chunks are saved
[30Dec2024 16:10:50.145] [Server thread/INFO] [net.minecraft.server.MinecraftServer/]: ThreadedAnvilChunkStorage: All dimensions are saved
